{"0":"4","1":"0","2":"0","3":"0","level":"info","message":"App is successfully running on","service":"user-service","timestamp":"2023-07-03 12:27:50"}
{"level":"error","message":"connect ECONNREFUSED 127.0.0.1:27017","reason":{"commonWireVersion":0,"compatible":true,"heartbeatFrequencyMS":10000,"localThresholdMS":15,"logicalSessionTimeoutMinutes":null,"maxElectionId":null,"maxSetVersion":null,"servers":{},"setName":null,"stale":false,"type":"Unknown"},"service":"user-service","stack":"MongooseServerSelectionError: connect ECONNREFUSED 127.0.0.1:27017\n    at _handleConnectionErrors (C:\\XGRID\\OnBoarding-Project\\base-module-backend\\node_modules\\mongoose\\lib\\connection.js:792:11)\n    at NativeConnection.openUri (C:\\XGRID\\OnBoarding-Project\\base-module-backend\\node_modules\\mongoose\\lib\\connection.js:767:11)\n    at async dbConnect (C:\\XGRID\\OnBoarding-Project\\base-module-backend\\config\\db.connect.js:13:26)","timestamp":"2023-07-03 12:28:20"}
{"0":"4","1":"0","2":"0","3":"0","level":"info","message":"App is successfully running on","service":"user-service","timestamp":"2023-07-03 12:30:47"}
{"0":"4","1":"0","2":"0","3":"0","level":"info","message":"App is successfully running on","service":"user-service","timestamp":"2023-07-03 12:30:52"}
{"level":"error","message":"connect ECONNREFUSED 127.0.0.1:27017","reason":{"commonWireVersion":0,"compatible":true,"heartbeatFrequencyMS":10000,"localThresholdMS":15,"logicalSessionTimeoutMinutes":null,"maxElectionId":null,"maxSetVersion":null,"servers":{},"setName":null,"stale":false,"type":"Unknown"},"service":"user-service","stack":"MongooseServerSelectionError: connect ECONNREFUSED 127.0.0.1:27017\n    at _handleConnectionErrors (C:\\XGRID\\OnBoarding-Project\\base-module-backend\\node_modules\\mongoose\\lib\\connection.js:792:11)\n    at NativeConnection.openUri (C:\\XGRID\\OnBoarding-Project\\base-module-backend\\node_modules\\mongoose\\lib\\connection.js:767:11)\n    at async dbConnect (C:\\XGRID\\OnBoarding-Project\\base-module-backend\\config\\db.connect.js:14:26)","timestamp":"2023-07-03 12:31:22"}
{"0":"4","1":"0","2":"0","3":"0","level":"info","message":"App is successfully running on","service":"user-service","timestamp":"2023-07-03 12:32:09"}
{"0":"4","1":"0","2":"0","3":"0","level":"info","message":"App is successfully running on","service":"user-service","timestamp":"2023-07-03 12:32:12"}
{"0":"4","1":"0","2":"0","3":"0","level":"info","message":"App is successfully running on","service":"user-service","timestamp":"2023-07-03 12:32:15"}
{"0":"4","1":"0","2":"0","3":"0","level":"info","message":"App is successfully running on","service":"user-service","timestamp":"2023-07-03 12:32:43"}
{"0":"4","1":"0","2":"0","3":"0","level":"info","message":"App is successfully running on","service":"user-service","timestamp":"2023-07-03 12:32:54"}
{"0":"4","1":"0","2":"0","3":"0","level":"info","message":"App is successfully running on","service":"user-service","timestamp":"2023-07-03 12:33:24"}
{"level":"error","message":"connect ECONNREFUSED 127.0.0.1:27017","reason":{"commonWireVersion":0,"compatible":true,"heartbeatFrequencyMS":10000,"localThresholdMS":15,"logicalSessionTimeoutMinutes":null,"maxElectionId":null,"maxSetVersion":null,"servers":{},"setName":null,"stale":false,"type":"Unknown"},"service":"user-service","stack":"MongooseServerSelectionError: connect ECONNREFUSED 127.0.0.1:27017\n    at _handleConnectionErrors (C:\\XGRID\\OnBoarding-Project\\base-module-backend\\node_modules\\mongoose\\lib\\connection.js:792:11)\n    at NativeConnection.openUri (C:\\XGRID\\OnBoarding-Project\\base-module-backend\\node_modules\\mongoose\\lib\\connection.js:767:11)\n    at async dbConnect (C:\\XGRID\\OnBoarding-Project\\base-module-backend\\config\\db.connect.js:15:26)","timestamp":"2023-07-03 12:33:54"}
{"0":"4","1":"0","2":"0","3":"0","level":"info","message":"App is successfully running on","service":"user-service","timestamp":"2023-07-03 12:37:33"}
{"level":"info","message":"db is connected successfully","service":"user-service","timestamp":"2023-07-03 12:37:33"}
{"0":"4","1":"0","2":"0","3":"0","level":"info","message":"App is successfully running on","service":"user-service","timestamp":"2023-07-03 12:40:16"}
{"level":"info","message":"db is connected successfully","service":"user-service","timestamp":"2023-07-03 12:40:16"}
{"0":"4","1":"0","2":"0","3":"0","level":"info","message":"App is successfully running on","service":"user-service","timestamp":"2023-07-03 12:40:28"}
{"level":"info","message":"db is connected successfully","service":"user-service","timestamp":"2023-07-03 12:40:28"}
{"0":"4","1":"0","2":"0","3":"0","level":"info","message":"App is successfully running on","service":"user-service","timestamp":"2023-07-03 12:42:09"}
{"level":"info","message":"db is connected successfully","service":"user-service","timestamp":"2023-07-03 12:42:09"}
{"0":"4","1":"0","2":"0","3":"0","level":"info","message":"App is successfully running on","service":"user-service","timestamp":"2023-07-03 12:43:19"}
{"level":"info","message":"db is connected successfully","service":"user-service","timestamp":"2023-07-03 12:43:19"}
{"0":"4","1":"0","2":"0","3":"0","level":"info","message":"App is successfully running on","service":"user-service","timestamp":"2023-07-03 12:43:23"}
{"level":"info","message":"db is connected successfully","service":"user-service","timestamp":"2023-07-03 12:43:23"}
{"0":"4","1":"0","2":"0","3":"0","level":"info","message":"App is successfully running on","service":"user-service","timestamp":"2023-07-03 12:43:27"}
{"level":"info","message":"db is connected successfully","service":"user-service","timestamp":"2023-07-03 12:43:27"}
{"0":"4","1":"0","2":"0","3":"0","level":"info","message":"App is successfully running on","service":"user-service","timestamp":"2023-07-03 12:43:35"}
{"level":"info","message":"db is connected successfully","service":"user-service","timestamp":"2023-07-03 12:43:35"}
{"0":"4","1":"0","2":"0","3":"0","level":"info","message":"App is successfully running on","service":"user-service","timestamp":"2023-07-03 12:43:45"}
{"level":"info","message":"db is connected successfully","service":"user-service","timestamp":"2023-07-03 12:43:45"}
{"0":"4","1":"0","2":"0","3":"0","level":"info","message":"App is successfully running on","service":"user-service","timestamp":"2023-07-03 12:44:50"}
{"level":"info","message":"db is connected successfully","service":"user-service","timestamp":"2023-07-03 12:44:50"}
{"0":"4","1":"0","2":"0","3":"0","level":"info","message":"App is successfully running on","service":"user-service","timestamp":"2023-07-03 12:46:06"}
{"level":"info","message":"db is connected successfully","service":"user-service","timestamp":"2023-07-03 12:46:06"}
{"0":"4","1":"0","2":"0","3":"0","level":"info","message":"App is successfully running on","service":"user-service","timestamp":"2023-07-03 12:46:14"}
{"level":"info","message":"db is connected successfully","service":"user-service","timestamp":"2023-07-03 12:46:15"}
{"0":"4","1":"0","2":"0","3":"0","level":"info","message":"App is successfully running on","service":"user-service","timestamp":"2023-07-03 12:46:55"}
{"level":"info","message":"db is connected successfully","service":"user-service","timestamp":"2023-07-03 12:46:55"}
{"0":"4","1":"0","2":"0","3":"0","level":"info","message":"App is successfully running on","service":"user-service","timestamp":"2023-07-03 12:47:00"}
{"level":"info","message":"db is connected successfully","service":"user-service","timestamp":"2023-07-03 12:47:00"}
{"0":"4","1":"0","2":"0","3":"0","level":"info","message":"App is successfully running on","service":"user-service","timestamp":"2023-07-03 12:47:02"}
{"level":"info","message":"db is connected successfully","service":"user-service","timestamp":"2023-07-03 12:47:02"}
{"0":"4","1":"0","2":"0","3":"0","level":"info","message":"App is successfully running on","service":"user-service","timestamp":"2023-07-03 12:47:05"}
{"level":"info","message":"db is connected successfully","service":"user-service","timestamp":"2023-07-03 12:47:05"}
{"0":"4","1":"0","2":"0","3":"0","level":"info","message":"App is successfully running on","service":"user-service","timestamp":"2023-07-03 12:47:09"}
{"level":"info","message":"db is connected successfully","service":"user-service","timestamp":"2023-07-03 12:47:09"}
{"0":"4","1":"0","2":"0","3":"0","level":"info","message":"App is successfully running on","service":"user-service","timestamp":"2023-07-03 12:48:50"}
{"level":"info","message":"db is connected successfully","service":"user-service","timestamp":"2023-07-03 12:48:50"}
{"0":"4","1":"0","2":"0","3":"0","level":"info","message":"App is successfully running on","service":"user-service","timestamp":"2023-07-03 12:48:57"}
{"level":"info","message":"db is connected successfully","service":"user-service","timestamp":"2023-07-03 12:48:57"}
{"0":"4","1":"0","2":"0","3":"0","level":"info","message":"App is successfully running on","service":"user-service","timestamp":"2023-07-03 12:49:02"}
{"level":"info","message":"db is connected successfully","service":"user-service","timestamp":"2023-07-03 12:49:02"}
{"0":"4","1":"0","2":"0","3":"0","level":"info","message":"App is successfully running on","service":"user-service","timestamp":"2023-07-03 12:55:26"}
{"level":"info","message":"db is connected successfully","service":"user-service","timestamp":"2023-07-03 12:55:26"}
{"0":"4","1":"0","2":"0","3":"0","level":"info","message":"App is successfully running on","service":"user-service","timestamp":"2023-07-03 12:55:53"}
{"level":"info","message":"db is connected successfully","service":"user-service","timestamp":"2023-07-03 12:55:53"}
{"0":"4","1":"0","2":"0","3":"0","level":"info","message":"App is successfully running on","service":"user-service","timestamp":"2023-07-03 12:56:01"}
{"level":"info","message":"db is connected successfully","service":"user-service","timestamp":"2023-07-03 12:56:01"}
{"0":"4","1":"0","2":"0","3":"0","level":"info","message":"App is successfully running on","service":"user-service","timestamp":"2023-07-03 12:56:07"}
{"level":"info","message":"db is connected successfully","service":"user-service","timestamp":"2023-07-03 12:56:07"}
{"0":"4","1":"0","2":"0","3":"0","level":"info","message":"App is successfully running on","service":"user-service","timestamp":"2023-07-03 12:56:21"}
{"level":"info","message":"db is connected successfully","service":"user-service","timestamp":"2023-07-03 12:56:21"}
{"0":"4","1":"0","2":"0","3":"0","level":"info","message":"App is successfully running on","service":"user-service","timestamp":"2023-07-03 12:56:24"}
{"level":"info","message":"db is connected successfully","service":"user-service","timestamp":"2023-07-03 12:56:24"}
{"0":"4","1":"0","2":"0","3":"0","level":"info","message":"App is successfully running on","service":"user-service","timestamp":"2023-07-03 12:56:29"}
{"level":"info","message":"db is connected successfully","service":"user-service","timestamp":"2023-07-03 12:56:29"}
{"0":"4","1":"0","2":"0","3":"0","level":"info","message":"App is successfully running on","service":"user-service","timestamp":"2023-07-03 12:56:33"}
{"level":"info","message":"db is connected successfully","service":"user-service","timestamp":"2023-07-03 12:56:33"}
{"0":"4","1":"0","2":"0","3":"0","level":"info","message":"App is successfully running on","service":"user-service","timestamp":"2023-07-03 12:56:42"}
{"level":"info","message":"db is connected successfully","service":"user-service","timestamp":"2023-07-03 12:56:42"}
{"0":"4","1":"0","2":"0","3":"0","level":"info","message":"App is successfully running on","service":"user-service","timestamp":"2023-07-03 12:56:47"}
{"level":"info","message":"db is connected successfully","service":"user-service","timestamp":"2023-07-03 12:56:47"}
{"0":"4","1":"0","2":"0","3":"0","level":"info","message":"App is successfully running on","service":"user-service","timestamp":"2023-07-03 12:57:06"}
{"level":"info","message":"db is connected successfully","service":"user-service","timestamp":"2023-07-03 12:57:06"}
{"0":"4","1":"0","2":"0","3":"0","level":"info","message":"App is successfully running on","service":"user-service","timestamp":"2023-07-03 12:57:07"}
{"level":"info","message":"db is connected successfully","service":"user-service","timestamp":"2023-07-03 12:57:07"}
{"$__":{"activePaths":{"paths":{"__v":"init","_id":"init","displayName":"init","email":"init","googleId":"init","password":"init","profilePicture":"init","role":"init"},"states":{"default":{},"init":{"__v":true,"_id":true,"displayName":true,"email":true,"googleId":true,"password":true,"profilePicture":true,"role":true},"require":{}}},"skipId":true},"$isNew":false,"_doc":{"__v":0,"_id":"649928bae338b04041a66037","displayName":"afaq ahmed","email":"afaqgoogle@gmail.com","googleId":"116981405356140016292","password":"$2b$10$yvnqGMXUmyBEt0PxCP0BMO6TLsgpTEHBQPpn6QUJHwUY1QUxSQRUm","profilePicture":"https://lh3.googleusercontent.com/a/AAcHTtdP334SjFsAW23KP-UVfogYhVCUHr0s4Fv6zfuyEw=s96-c","role":"user"},"level":"info","message":"User is existed in db (Google)","service":"user-service","timestamp":"2023-07-03 12:59:37"}
{"$__":{"activePaths":{"paths":{"__v":"init","_id":"init","displayName":"init","email":"init","googleId":"init","password":"init","profilePicture":"init","role":"init"},"states":{"default":{},"init":{"__v":true,"_id":true,"displayName":true,"email":true,"googleId":true,"password":true,"profilePicture":true,"role":true},"require":{}}},"skipId":true},"$isNew":false,"_doc":{"__v":0,"_id":"649928bae338b04041a66037","displayName":"afaq ahmed","email":"afaqgoogle@gmail.com","googleId":"116981405356140016292","password":"$2b$10$yvnqGMXUmyBEt0PxCP0BMO6TLsgpTEHBQPpn6QUJHwUY1QUxSQRUm","profilePicture":"https://lh3.googleusercontent.com/a/AAcHTtdP334SjFsAW23KP-UVfogYhVCUHr0s4Fv6zfuyEw=s96-c","role":"user"},"level":"info","message":"middleware: ","service":"user-service","timestamp":"2023-07-03 12:59:37"}
{"0":"1","1":"4","10":"a","11":"c","12":"S","13":"-","14":"g","15":"g","16":"b","17":"i","18":"x","19":"Y","2":"8","20":"u","21":"s","22":"9","23":"z","24":"B","25":"f","26":"R","27":"V","28":"U","29":"z","3":"q","30":"N","31":"A","4":"y","5":"e","6":"_","7":"Y","8":"F","9":"1","level":"info","message":"sessionId: ","service":"user-service","timestamp":"2023-07-03 12:59:44"}
{"cookie":{"expires":null,"httpOnly":true,"originalMaxAge":null,"path":"/"},"level":"info","message":"session: ","passport":{"user":"649928bae338b04041a66037"},"service":"user-service","timestamp":"2023-07-03 12:59:44"}
{"$__":{"activePaths":{"paths":{"__v":"init","_id":"init","displayName":"init","email":"init","googleId":"init","password":"init","profilePicture":"init","role":"init"},"states":{"default":{},"init":{"__v":true,"_id":true,"displayName":true,"email":true,"googleId":true,"password":true,"profilePicture":true,"role":true},"require":{}}},"skipId":true},"$isNew":false,"_doc":{"__v":0,"_id":"649928bae338b04041a66037","displayName":"afaq ahmed","email":"afaqgoogle@gmail.com","googleId":"116981405356140016292","password":"$2b$10$yvnqGMXUmyBEt0PxCP0BMO6TLsgpTEHBQPpn6QUJHwUY1QUxSQRUm","profilePicture":"https://lh3.googleusercontent.com/a/AAcHTtdP334SjFsAW23KP-UVfogYhVCUHr0s4Fv6zfuyEw=s96-c","role":"user"},"level":"info","message":"user: ","service":"user-service","timestamp":"2023-07-03 12:59:44"}
{"0":"1","1":"4","10":"a","11":"c","12":"S","13":"-","14":"g","15":"g","16":"b","17":"i","18":"x","19":"Y","2":"8","20":"u","21":"s","22":"9","23":"z","24":"B","25":"f","26":"R","27":"V","28":"U","29":"z","3":"q","30":"N","31":"A","4":"y","5":"e","6":"_","7":"Y","8":"F","9":"1","level":"info","message":"sessionId: ","service":"user-service","timestamp":"2023-07-03 12:59:44"}
{"cookie":{"expires":null,"httpOnly":true,"originalMaxAge":null,"path":"/"},"level":"info","message":"session: ","passport":{"user":"649928bae338b04041a66037"},"service":"user-service","timestamp":"2023-07-03 12:59:44"}
{"$__":{"activePaths":{"paths":{"__v":"init","_id":"init","displayName":"init","email":"init","googleId":"init","password":"init","profilePicture":"init","role":"init"},"states":{"default":{},"init":{"__v":true,"_id":true,"displayName":true,"email":true,"googleId":true,"password":true,"profilePicture":true,"role":true},"require":{}}},"skipId":true},"$isNew":false,"_doc":{"__v":0,"_id":"649928bae338b04041a66037","displayName":"afaq ahmed","email":"afaqgoogle@gmail.com","googleId":"116981405356140016292","password":"$2b$10$yvnqGMXUmyBEt0PxCP0BMO6TLsgpTEHBQPpn6QUJHwUY1QUxSQRUm","profilePicture":"https://lh3.googleusercontent.com/a/AAcHTtdP334SjFsAW23KP-UVfogYhVCUHr0s4Fv6zfuyEw=s96-c","role":"user"},"level":"info","message":"user: ","service":"user-service","timestamp":"2023-07-03 12:59:44"}
{"$__":{"$versionError":null,"activePaths":{"paths":{"displayName":"require"},"states":{"default":{},"modify":{},"require":{"displayName":true}}},"backup":{"activePaths":{"default":{"_id":true,"role":true},"modify":{"displayName":true,"googleId":true,"profilePicture":true}},"validationError":null},"cachedRequired":{},"inserting":true,"op":null,"saveOptions":null,"savedState":{},"saving":null,"validating":null},"$isNew":false,"_doc":{"__v":0,"_id":"64a280022cfb4b32db3c1e56","displayName":"afaq ahmed","googleId":"116981405356140016292","profilePicture":"https://lh3.googleusercontent.com/a/AAcHTteINGyKSOYPTk9exw3ZPyIk4zGDd68ruuC5PAbIwKV3b0k=s96-c","role":"user"},"level":"error","message":"New user is saved in db through (Google strategy)","service":"user-service","timestamp":"2023-07-03 13:00:03"}
{"$__":{"$versionError":null,"activePaths":{"paths":{"displayName":"require"},"states":{"default":{},"modify":{},"require":{"displayName":true}}},"backup":{"activePaths":{"default":{"_id":true,"role":true},"modify":{"displayName":true,"googleId":true,"profilePicture":true}},"validationError":null},"cachedRequired":{},"inserting":true,"op":null,"saveOptions":null,"savedState":{},"saving":null,"validating":null},"$isNew":false,"_doc":{"__v":0,"_id":"64a280022cfb4b32db3c1e56","displayName":"afaq ahmed","googleId":"116981405356140016292","profilePicture":"https://lh3.googleusercontent.com/a/AAcHTteINGyKSOYPTk9exw3ZPyIk4zGDd68ruuC5PAbIwKV3b0k=s96-c","role":"user"},"level":"info","message":"middleware: ","service":"user-service","timestamp":"2023-07-03 13:00:03"}
{"0":"v","1":"1","10":"L","11":"w","12":"M","13":"M","14":"J","15":"c","16":"9","17":"H","18":"n","19":"3","2":"E","20":"h","21":"i","22":"_","23":"h","24":"4","25":"g","26":"E","27":"y","28":"o","29":"n","3":"l","30":"-","31":"5","4":"k","5":"f","6":"j","7":"H","8":"O","9":"M","level":"info","message":"sessionId: ","service":"user-service","timestamp":"2023-07-03 13:00:09"}
{"cookie":{"expires":null,"httpOnly":true,"originalMaxAge":null,"path":"/"},"level":"info","message":"session: ","passport":{"user":"64a280022cfb4b32db3c1e56"},"service":"user-service","timestamp":"2023-07-03 13:00:09"}
{"$__":{"activePaths":{"paths":{"__v":"init","_id":"init","displayName":"init","googleId":"init","profilePicture":"init","role":"init"},"states":{"default":{},"init":{"__v":true,"_id":true,"displayName":true,"googleId":true,"profilePicture":true,"role":true},"require":{}}},"skipId":true},"$isNew":false,"_doc":{"__v":0,"_id":"64a280022cfb4b32db3c1e56","displayName":"afaq ahmed","googleId":"116981405356140016292","profilePicture":"https://lh3.googleusercontent.com/a/AAcHTteINGyKSOYPTk9exw3ZPyIk4zGDd68ruuC5PAbIwKV3b0k=s96-c","role":"user"},"level":"info","message":"user: ","service":"user-service","timestamp":"2023-07-03 13:00:09"}
{"0":"v","1":"1","10":"L","11":"w","12":"M","13":"M","14":"J","15":"c","16":"9","17":"H","18":"n","19":"3","2":"E","20":"h","21":"i","22":"_","23":"h","24":"4","25":"g","26":"E","27":"y","28":"o","29":"n","3":"l","30":"-","31":"5","4":"k","5":"f","6":"j","7":"H","8":"O","9":"M","level":"info","message":"sessionId: ","service":"user-service","timestamp":"2023-07-03 13:00:09"}
{"cookie":{"expires":null,"httpOnly":true,"originalMaxAge":null,"path":"/"},"level":"info","message":"session: ","passport":{"user":"64a280022cfb4b32db3c1e56"},"service":"user-service","timestamp":"2023-07-03 13:00:09"}
{"$__":{"activePaths":{"paths":{"__v":"init","_id":"init","displayName":"init","googleId":"init","profilePicture":"init","role":"init"},"states":{"default":{},"init":{"__v":true,"_id":true,"displayName":true,"googleId":true,"profilePicture":true,"role":true},"require":{}}},"skipId":true},"$isNew":false,"_doc":{"__v":0,"_id":"64a280022cfb4b32db3c1e56","displayName":"afaq ahmed","googleId":"116981405356140016292","profilePicture":"https://lh3.googleusercontent.com/a/AAcHTteINGyKSOYPTk9exw3ZPyIk4zGDd68ruuC5PAbIwKV3b0k=s96-c","role":"user"},"level":"info","message":"user: ","service":"user-service","timestamp":"2023-07-03 13:00:09"}
{"0":"v","1":"1","10":"L","11":"w","12":"M","13":"M","14":"J","15":"c","16":"9","17":"H","18":"n","19":"3","2":"E","20":"h","21":"i","22":"_","23":"h","24":"4","25":"g","26":"E","27":"y","28":"o","29":"n","3":"l","30":"-","31":"5","4":"k","5":"f","6":"j","7":"H","8":"O","9":"M","level":"info","message":"sessionId: ","service":"user-service","timestamp":"2023-07-03 13:00:26"}
{"cookie":{"expires":null,"httpOnly":true,"originalMaxAge":null,"path":"/"},"level":"info","message":"session: ","passport":{"user":"64a280022cfb4b32db3c1e56"},"service":"user-service","timestamp":"2023-07-03 13:00:26"}
{"$__":{"activePaths":{"paths":{"__v":"init","_id":"init","displayName":"init","googleId":"init","profilePicture":"init","role":"init"},"states":{"default":{},"init":{"__v":true,"_id":true,"displayName":true,"googleId":true,"profilePicture":true,"role":true},"require":{}}},"skipId":true},"$isNew":false,"_doc":{"__v":0,"_id":"64a280022cfb4b32db3c1e56","displayName":"afaq ahmed","googleId":"116981405356140016292","profilePicture":"https://lh3.googleusercontent.com/a/AAcHTteINGyKSOYPTk9exw3ZPyIk4zGDd68ruuC5PAbIwKV3b0k=s96-c","role":"user"},"level":"info","message":"user: ","service":"user-service","timestamp":"2023-07-03 13:00:26"}
{"0":"v","1":"1","10":"L","11":"w","12":"M","13":"M","14":"J","15":"c","16":"9","17":"H","18":"n","19":"3","2":"E","20":"h","21":"i","22":"_","23":"h","24":"4","25":"g","26":"E","27":"y","28":"o","29":"n","3":"l","30":"-","31":"5","4":"k","5":"f","6":"j","7":"H","8":"O","9":"M","level":"info","message":"sessionId: ","service":"user-service","timestamp":"2023-07-03 13:00:31"}
{"cookie":{"expires":null,"httpOnly":true,"originalMaxAge":null,"path":"/"},"level":"info","message":"session: ","passport":{"user":"64a280022cfb4b32db3c1e56"},"service":"user-service","timestamp":"2023-07-03 13:00:31"}
{"$__":{"activePaths":{"paths":{"__v":"init","_id":"init","displayName":"init","googleId":"init","profilePicture":"init","role":"init"},"states":{"default":{},"init":{"__v":true,"_id":true,"displayName":true,"googleId":true,"profilePicture":true,"role":true},"require":{}}},"skipId":true},"$isNew":false,"_doc":{"__v":0,"_id":"64a280022cfb4b32db3c1e56","displayName":"afaq ahmed","googleId":"116981405356140016292","profilePicture":"https://lh3.googleusercontent.com/a/AAcHTteINGyKSOYPTk9exw3ZPyIk4zGDd68ruuC5PAbIwKV3b0k=s96-c","role":"user"},"level":"info","message":"user: ","service":"user-service","timestamp":"2023-07-03 13:00:31"}
{"0":"v","1":"1","10":"L","11":"w","12":"M","13":"M","14":"J","15":"c","16":"9","17":"H","18":"n","19":"3","2":"E","20":"h","21":"i","22":"_","23":"h","24":"4","25":"g","26":"E","27":"y","28":"o","29":"n","3":"l","30":"-","31":"5","4":"k","5":"f","6":"j","7":"H","8":"O","9":"M","level":"info","message":"sessionId: ","service":"user-service","timestamp":"2023-07-03 13:00:31"}
{"cookie":{"expires":null,"httpOnly":true,"originalMaxAge":null,"path":"/"},"level":"info","message":"session: ","passport":{"user":"64a280022cfb4b32db3c1e56"},"service":"user-service","timestamp":"2023-07-03 13:00:31"}
{"$__":{"activePaths":{"paths":{"__v":"init","_id":"init","displayName":"init","googleId":"init","profilePicture":"init","role":"init"},"states":{"default":{},"init":{"__v":true,"_id":true,"displayName":true,"googleId":true,"profilePicture":true,"role":true},"require":{}}},"skipId":true},"$isNew":false,"_doc":{"__v":0,"_id":"64a280022cfb4b32db3c1e56","displayName":"afaq ahmed","googleId":"116981405356140016292","profilePicture":"https://lh3.googleusercontent.com/a/AAcHTteINGyKSOYPTk9exw3ZPyIk4zGDd68ruuC5PAbIwKV3b0k=s96-c","role":"user"},"level":"info","message":"user: ","service":"user-service","timestamp":"2023-07-03 13:00:31"}
{"0":"v","1":"1","10":"L","11":"w","12":"M","13":"M","14":"J","15":"c","16":"9","17":"H","18":"n","19":"3","2":"E","20":"h","21":"i","22":"_","23":"h","24":"4","25":"g","26":"E","27":"y","28":"o","29":"n","3":"l","30":"-","31":"5","4":"k","5":"f","6":"j","7":"H","8":"O","9":"M","level":"info","message":"sessionId: ","service":"user-service","timestamp":"2023-07-03 13:00:45"}
{"cookie":{"expires":null,"httpOnly":true,"originalMaxAge":null,"path":"/"},"level":"info","message":"session: ","passport":{"user":"64a280022cfb4b32db3c1e56"},"service":"user-service","timestamp":"2023-07-03 13:00:45"}
{"$__":{"activePaths":{"paths":{"__v":"init","_id":"init","displayName":"init","googleId":"init","profilePicture":"init","role":"init"},"states":{"default":{},"init":{"__v":true,"_id":true,"displayName":true,"googleId":true,"profilePicture":true,"role":true},"require":{}}},"skipId":true},"$isNew":false,"_doc":{"__v":0,"_id":"64a280022cfb4b32db3c1e56","displayName":"afaq ahmed","googleId":"116981405356140016292","profilePicture":"https://lh3.googleusercontent.com/a/AAcHTteINGyKSOYPTk9exw3ZPyIk4zGDd68ruuC5PAbIwKV3b0k=s96-c","role":"user"},"level":"info","message":"user: ","service":"user-service","timestamp":"2023-07-03 13:00:45"}
{"0":"v","1":"1","10":"L","11":"w","12":"M","13":"M","14":"J","15":"c","16":"9","17":"H","18":"n","19":"3","2":"E","20":"h","21":"i","22":"_","23":"h","24":"4","25":"g","26":"E","27":"y","28":"o","29":"n","3":"l","30":"-","31":"5","4":"k","5":"f","6":"j","7":"H","8":"O","9":"M","level":"info","message":"sessionId: ","service":"user-service","timestamp":"2023-07-03 13:00:50"}
{"cookie":{"expires":null,"httpOnly":true,"originalMaxAge":null,"path":"/"},"level":"info","message":"session: ","passport":{"user":"64a280022cfb4b32db3c1e56"},"service":"user-service","timestamp":"2023-07-03 13:00:50"}
{"$__":{"activePaths":{"paths":{"__v":"init","_id":"init","displayName":"init","googleId":"init","profilePicture":"init","role":"init"},"states":{"default":{},"init":{"__v":true,"_id":true,"displayName":true,"googleId":true,"profilePicture":true,"role":true},"require":{}}},"skipId":true},"$isNew":false,"_doc":{"__v":0,"_id":"64a280022cfb4b32db3c1e56","displayName":"afaq ahmed edited","googleId":"116981405356140016292","profilePicture":"https://lh3.googleusercontent.com/a/AAcHTteINGyKSOYPTk9exw3ZPyIk4zGDd68ruuC5PAbIwKV3b0k=s96-c","role":"user"},"level":"info","message":"user: ","service":"user-service","timestamp":"2023-07-03 13:00:50"}
{"0":"v","1":"1","10":"L","11":"w","12":"M","13":"M","14":"J","15":"c","16":"9","17":"H","18":"n","19":"3","2":"E","20":"h","21":"i","22":"_","23":"h","24":"4","25":"g","26":"E","27":"y","28":"o","29":"n","3":"l","30":"-","31":"5","4":"k","5":"f","6":"j","7":"H","8":"O","9":"M","level":"info","message":"sessionId: ","service":"user-service","timestamp":"2023-07-03 13:00:50"}
{"cookie":{"expires":null,"httpOnly":true,"originalMaxAge":null,"path":"/"},"level":"info","message":"session: ","passport":{"user":"64a280022cfb4b32db3c1e56"},"service":"user-service","timestamp":"2023-07-03 13:00:50"}
{"$__":{"activePaths":{"paths":{"__v":"init","_id":"init","displayName":"init","googleId":"init","profilePicture":"init","role":"init"},"states":{"default":{},"init":{"__v":true,"_id":true,"displayName":true,"googleId":true,"profilePicture":true,"role":true},"require":{}}},"skipId":true},"$isNew":false,"_doc":{"__v":0,"_id":"64a280022cfb4b32db3c1e56","displayName":"afaq ahmed edited","googleId":"116981405356140016292","profilePicture":"https://lh3.googleusercontent.com/a/AAcHTteINGyKSOYPTk9exw3ZPyIk4zGDd68ruuC5PAbIwKV3b0k=s96-c","role":"user"},"level":"info","message":"user: ","service":"user-service","timestamp":"2023-07-03 13:00:50"}
{"0":"4","1":"0","2":"0","3":"0","level":"info","message":"App is successfully running on","service":"user-service","timestamp":"2023-07-03 13:01:07"}
{"level":"info","message":"db is connected successfully","service":"user-service","timestamp":"2023-07-03 13:01:07"}
{"$__":{"activePaths":{"paths":{"__v":"init","_id":"init","displayName":"init","googleId":"init","profilePicture":"init","role":"init"},"states":{"default":{},"init":{"__v":true,"_id":true,"displayName":true,"googleId":true,"profilePicture":true,"role":true},"require":{}}},"skipId":true},"$isNew":false,"_doc":{"__v":0,"_id":"64a280022cfb4b32db3c1e56","displayName":"afaq ahmed edited","googleId":"116981405356140016292","profilePicture":"https://lh3.googleusercontent.com/a/AAcHTteINGyKSOYPTk9exw3ZPyIk4zGDd68ruuC5PAbIwKV3b0k=s96-c","role":"user"},"level":"info","message":"User is existed in db (Google)","service":"user-service","timestamp":"2023-07-03 13:01:30"}
{"$__":{"activePaths":{"paths":{"__v":"init","_id":"init","displayName":"init","googleId":"init","profilePicture":"init","role":"init"},"states":{"default":{},"init":{"__v":true,"_id":true,"displayName":true,"googleId":true,"profilePicture":true,"role":true},"require":{}}},"skipId":true},"$isNew":false,"_doc":{"__v":0,"_id":"64a280022cfb4b32db3c1e56","displayName":"afaq ahmed edited","googleId":"116981405356140016292","profilePicture":"https://lh3.googleusercontent.com/a/AAcHTteINGyKSOYPTk9exw3ZPyIk4zGDd68ruuC5PAbIwKV3b0k=s96-c","role":"user"},"level":"info","message":"middleware: ","service":"user-service","timestamp":"2023-07-03 13:01:30"}
{"0":"6","1":"b","10":"G","11":"x","12":"O","13":"D","14":"S","15":"c","16":"Y","17":"O","18":"-","19":"w","2":"N","20":"J","21":"w","22":"D","23":"U","24":"C","25":"L","26":"x","27":"Q","28":"3","29":"w","3":"l","30":"p","31":"V","4":"9","5":"v","6":"V","7":"a","8":"5","9":"2","level":"info","message":"sessionId: ","service":"user-service","timestamp":"2023-07-03 13:01:41"}
{"cookie":{"expires":null,"httpOnly":true,"originalMaxAge":null,"path":"/"},"level":"info","message":"session: ","passport":{"user":"64a280022cfb4b32db3c1e56"},"service":"user-service","timestamp":"2023-07-03 13:01:41"}
{"$__":{"activePaths":{"paths":{"__v":"init","_id":"init","displayName":"init","googleId":"init","profilePicture":"init","role":"init"},"states":{"default":{},"init":{"__v":true,"_id":true,"displayName":true,"googleId":true,"profilePicture":true,"role":true},"require":{}}},"skipId":true},"$isNew":false,"_doc":{"__v":0,"_id":"64a280022cfb4b32db3c1e56","displayName":"afaq ahmed edited","googleId":"116981405356140016292","profilePicture":"https://lh3.googleusercontent.com/a/AAcHTteINGyKSOYPTk9exw3ZPyIk4zGDd68ruuC5PAbIwKV3b0k=s96-c","role":"user"},"level":"info","message":"user: ","service":"user-service","timestamp":"2023-07-03 13:01:41"}
{"0":"6","1":"b","10":"G","11":"x","12":"O","13":"D","14":"S","15":"c","16":"Y","17":"O","18":"-","19":"w","2":"N","20":"J","21":"w","22":"D","23":"U","24":"C","25":"L","26":"x","27":"Q","28":"3","29":"w","3":"l","30":"p","31":"V","4":"9","5":"v","6":"V","7":"a","8":"5","9":"2","level":"info","message":"sessionId: ","service":"user-service","timestamp":"2023-07-03 13:01:41"}
{"cookie":{"expires":null,"httpOnly":true,"originalMaxAge":null,"path":"/"},"level":"info","message":"session: ","passport":{"user":"64a280022cfb4b32db3c1e56"},"service":"user-service","timestamp":"2023-07-03 13:01:41"}
{"$__":{"activePaths":{"paths":{"__v":"init","_id":"init","displayName":"init","googleId":"init","profilePicture":"init","role":"init"},"states":{"default":{},"init":{"__v":true,"_id":true,"displayName":true,"googleId":true,"profilePicture":true,"role":true},"require":{}}},"skipId":true},"$isNew":false,"_doc":{"__v":0,"_id":"64a280022cfb4b32db3c1e56","displayName":"afaq ahmed edited","googleId":"116981405356140016292","profilePicture":"https://lh3.googleusercontent.com/a/AAcHTteINGyKSOYPTk9exw3ZPyIk4zGDd68ruuC5PAbIwKV3b0k=s96-c","role":"user"},"level":"info","message":"user: ","service":"user-service","timestamp":"2023-07-03 13:01:41"}
{"0":"6","1":"b","10":"G","11":"x","12":"O","13":"D","14":"S","15":"c","16":"Y","17":"O","18":"-","19":"w","2":"N","20":"J","21":"w","22":"D","23":"U","24":"C","25":"L","26":"x","27":"Q","28":"3","29":"w","3":"l","30":"p","31":"V","4":"9","5":"v","6":"V","7":"a","8":"5","9":"2","level":"info","message":"sessionId: ","service":"user-service","timestamp":"2023-07-03 13:01:52"}
{"cookie":{"expires":null,"httpOnly":true,"originalMaxAge":null,"path":"/"},"level":"info","message":"session: ","passport":{"user":"64a280022cfb4b32db3c1e56"},"service":"user-service","timestamp":"2023-07-03 13:01:52"}
{"$__":{"activePaths":{"paths":{"__v":"init","_id":"init","displayName":"init","googleId":"init","profilePicture":"init","role":"init"},"states":{"default":{},"init":{"__v":true,"_id":true,"displayName":true,"googleId":true,"profilePicture":true,"role":true},"require":{}}},"skipId":true},"$isNew":false,"_doc":{"__v":0,"_id":"64a280022cfb4b32db3c1e56","displayName":"afaq ahmed edited","googleId":"116981405356140016292","profilePicture":"https://lh3.googleusercontent.com/a/AAcHTteINGyKSOYPTk9exw3ZPyIk4zGDd68ruuC5PAbIwKV3b0k=s96-c","role":"user"},"level":"info","message":"user: ","service":"user-service","timestamp":"2023-07-03 13:01:52"}
{"0":"6","1":"b","10":"G","11":"x","12":"O","13":"D","14":"S","15":"c","16":"Y","17":"O","18":"-","19":"w","2":"N","20":"J","21":"w","22":"D","23":"U","24":"C","25":"L","26":"x","27":"Q","28":"3","29":"w","3":"l","30":"p","31":"V","4":"9","5":"v","6":"V","7":"a","8":"5","9":"2","level":"info","message":"sessionId: ","service":"user-service","timestamp":"2023-07-03 13:01:57"}
{"cookie":{"expires":null,"httpOnly":true,"originalMaxAge":null,"path":"/"},"level":"info","message":"session: ","passport":{"user":"64a280022cfb4b32db3c1e56"},"service":"user-service","timestamp":"2023-07-03 13:01:57"}
{"$__":{"activePaths":{"paths":{"__v":"init","_id":"init","displayName":"init","email":"init","googleId":"init","profilePicture":"init","role":"init"},"states":{"default":{},"init":{"__v":true,"_id":true,"displayName":true,"email":true,"googleId":true,"profilePicture":true,"role":true},"require":{}}},"skipId":true},"$isNew":false,"_doc":{"__v":0,"_id":"64a280022cfb4b32db3c1e56","displayName":"afaq ahmed edited2","email":"afaq@gmail.com","googleId":"116981405356140016292","profilePicture":"https://lh3.googleusercontent.com/a/AAcHTteINGyKSOYPTk9exw3ZPyIk4zGDd68ruuC5PAbIwKV3b0k=s96-c","role":"user"},"level":"info","message":"user: ","service":"user-service","timestamp":"2023-07-03 13:01:57"}
{"0":"6","1":"b","10":"G","11":"x","12":"O","13":"D","14":"S","15":"c","16":"Y","17":"O","18":"-","19":"w","2":"N","20":"J","21":"w","22":"D","23":"U","24":"C","25":"L","26":"x","27":"Q","28":"3","29":"w","3":"l","30":"p","31":"V","4":"9","5":"v","6":"V","7":"a","8":"5","9":"2","level":"info","message":"sessionId: ","service":"user-service","timestamp":"2023-07-03 13:01:57"}
{"cookie":{"expires":null,"httpOnly":true,"originalMaxAge":null,"path":"/"},"level":"info","message":"session: ","passport":{"user":"64a280022cfb4b32db3c1e56"},"service":"user-service","timestamp":"2023-07-03 13:01:57"}
{"$__":{"activePaths":{"paths":{"__v":"init","_id":"init","displayName":"init","email":"init","googleId":"init","profilePicture":"init","role":"init"},"states":{"default":{},"init":{"__v":true,"_id":true,"displayName":true,"email":true,"googleId":true,"profilePicture":true,"role":true},"require":{}}},"skipId":true},"$isNew":false,"_doc":{"__v":0,"_id":"64a280022cfb4b32db3c1e56","displayName":"afaq ahmed edited2","email":"afaq@gmail.com","googleId":"116981405356140016292","profilePicture":"https://lh3.googleusercontent.com/a/AAcHTteINGyKSOYPTk9exw3ZPyIk4zGDd68ruuC5PAbIwKV3b0k=s96-c","role":"user"},"level":"info","message":"user: ","service":"user-service","timestamp":"2023-07-03 13:01:57"}
{"0":"4","1":"0","2":"0","3":"0","level":"info","message":"App is successfully running on","service":"user-service","timestamp":"2023-07-03 13:02:06"}
{"level":"info","message":"db is connected successfully","service":"user-service","timestamp":"2023-07-03 13:02:06"}
{"0":"4","1":"0","2":"0","3":"0","level":"info","message":"App is successfully running on","service":"user-service","timestamp":"2023-07-03 13:03:26"}
{"level":"info","message":"db is connected successfully","service":"user-service","timestamp":"2023-07-03 13:03:26"}
{"0":"4","1":"0","2":"0","3":"0","level":"info","message":"App is successfully running on","service":"user-service","timestamp":"2023-07-03 13:03:32"}
{"level":"info","message":"db is connected successfully","service":"user-service","timestamp":"2023-07-03 13:03:32"}
{"0":"4","1":"0","2":"0","3":"0","level":"info","message":"App is successfully running on","service":"user-service","timestamp":"2023-07-03 13:03:33"}
{"level":"info","message":"db is connected successfully","service":"user-service","timestamp":"2023-07-03 13:03:33"}
{"0":"4","1":"0","2":"0","3":"0","level":"info","message":"App is successfully running on","service":"user-service","timestamp":"2023-07-03 13:03:43"}
{"level":"info","message":"db is connected successfully","service":"user-service","timestamp":"2023-07-03 13:03:43"}
{"0":"4","1":"0","2":"0","3":"0","level":"info","message":"App is successfully running on","service":"user-service","timestamp":"2023-07-03 13:09:09"}
{"level":"info","message":"db is connected successfully","service":"user-service","timestamp":"2023-07-03 13:09:09"}
{"0":"4","1":"0","2":"0","3":"0","level":"info","message":"App is successfully running on","service":"user-service","timestamp":"2023-07-03 13:09:41"}
{"level":"info","message":"db is connected successfully","service":"user-service","timestamp":"2023-07-03 13:09:41"}
{"0":"4","1":"0","2":"0","3":"0","level":"info","message":"App is successfully running on","service":"user-service","timestamp":"2023-07-03 13:11:31"}
{"level":"info","message":"db is connected successfully","service":"user-service","timestamp":"2023-07-03 13:11:31"}
{"0":"4","1":"0","2":"0","3":"0","level":"info","message":"App is successfully running on","service":"user-service","timestamp":"2023-07-03 13:11:41"}
{"level":"info","message":"db is connected successfully","service":"user-service","timestamp":"2023-07-03 13:11:41"}
{"0":"4","1":"0","2":"0","3":"0","level":"info","message":"App is successfully running on","service":"user-service","timestamp":"2023-07-03 13:12:32"}
{"level":"info","message":"db is connected successfully","service":"user-service","timestamp":"2023-07-03 13:12:32"}
{"0":"4","1":"0","2":"0","3":"0","level":"info","message":"App is successfully running on","service":"user-service","timestamp":"2023-07-03 13:13:10"}
{"level":"info","message":"db is connected successfully","service":"user-service","timestamp":"2023-07-03 13:13:10"}
{"0":"4","1":"0","2":"0","3":"0","level":"info","message":"App is successfully running on","service":"user-service","timestamp":"2023-07-03 13:13:15"}
{"level":"info","message":"db is connected successfully","service":"user-service","timestamp":"2023-07-03 13:13:15"}
{"0":"4","1":"0","2":"0","3":"0","level":"info","message":"App is successfully running on","service":"user-service","timestamp":"2023-07-03 13:13:23"}
{"level":"info","message":"db is connected successfully","service":"user-service","timestamp":"2023-07-03 13:13:23"}
{"0":"4","1":"0","2":"0","3":"0","level":"info","message":"App is successfully running on","service":"user-service","timestamp":"2023-07-03 13:13:28"}
{"level":"info","message":"db is connected successfully","service":"user-service","timestamp":"2023-07-03 13:13:28"}
{"0":"4","1":"0","2":"0","3":"0","level":"info","message":"App is successfully running on","service":"user-service","timestamp":"2023-07-03 13:13:31"}
{"level":"info","message":"db is connected successfully","service":"user-service","timestamp":"2023-07-03 13:13:31"}
{"0":"4","1":"0","2":"0","3":"0","level":"info","message":"App is successfully running on","service":"user-service","timestamp":"2023-07-03 13:13:33"}
{"level":"info","message":"db is connected successfully","service":"user-service","timestamp":"2023-07-03 13:13:33"}
{"0":"4","1":"0","2":"0","3":"0","level":"info","message":"App is successfully running on","service":"user-service","timestamp":"2023-07-03 13:13:35"}
{"level":"info","message":"db is connected successfully","service":"user-service","timestamp":"2023-07-03 13:13:35"}
{"0":"4","1":"0","2":"0","3":"0","level":"info","message":"App is successfully running on","service":"user-service","timestamp":"2023-07-03 13:14:19"}
{"level":"info","message":"db is connected successfully","service":"user-service","timestamp":"2023-07-03 13:14:19"}
{"0":"4","1":"0","2":"0","3":"0","level":"info","message":"App is successfully running on","service":"user-service","timestamp":"2023-07-03 13:14:26"}
{"level":"info","message":"db is connected successfully","service":"user-service","timestamp":"2023-07-03 13:14:26"}
{"0":"4","1":"0","2":"0","3":"0","level":"info","message":"App is successfully running on","service":"user-service","timestamp":"2023-07-03 13:14:38"}
{"level":"info","message":"db is connected successfully","service":"user-service","timestamp":"2023-07-03 13:14:38"}
{"0":"4","1":"0","2":"0","3":"0","level":"info","message":"App is successfully running on","service":"user-service","timestamp":"2023-07-03 13:14:40"}
{"level":"info","message":"db is connected successfully","service":"user-service","timestamp":"2023-07-03 13:14:40"}
{"0":"4","1":"0","2":"0","3":"0","level":"info","message":"App is successfully running on","service":"user-service","timestamp":"2023-07-03 13:14:53"}
{"level":"info","message":"db is connected successfully","service":"user-service","timestamp":"2023-07-03 13:14:53"}
{"0":"4","1":"0","2":"0","3":"0","level":"info","message":"App is successfully running on","service":"user-service","timestamp":"2023-07-03 13:14:56"}
{"level":"info","message":"db is connected successfully","service":"user-service","timestamp":"2023-07-03 13:14:56"}
{"0":"4","1":"0","2":"0","3":"0","level":"info","message":"App is successfully running on","service":"user-service","timestamp":"2023-07-03 13:14:57"}
{"level":"info","message":"db is connected successfully","service":"user-service","timestamp":"2023-07-03 13:14:57"}
{"0":"4","1":"0","2":"0","3":"0","level":"info","message":"App is successfully running on","service":"user-service","timestamp":"2023-07-03 13:15:06"}
{"level":"info","message":"db is connected successfully","service":"user-service","timestamp":"2023-07-03 13:15:06"}
{"0":"4","1":"0","2":"0","3":"0","level":"info","message":"App is successfully running on","service":"user-service","timestamp":"2023-07-03 13:15:09"}
{"level":"info","message":"db is connected successfully","service":"user-service","timestamp":"2023-07-03 13:15:09"}
{"0":"4","1":"0","2":"0","3":"0","level":"info","message":"App is successfully running on","service":"user-service","timestamp":"2023-07-03 13:15:14"}
{"level":"info","message":"db is connected successfully","service":"user-service","timestamp":"2023-07-03 13:15:14"}
{"0":"4","1":"0","2":"0","3":"0","level":"info","message":"App is successfully running on","service":"user-service","timestamp":"2023-07-03 13:15:17"}
{"level":"info","message":"db is connected successfully","service":"user-service","timestamp":"2023-07-03 13:15:17"}
{"0":"4","1":"0","2":"0","3":"0","level":"info","message":"App is successfully running on","service":"user-service","timestamp":"2023-07-03 13:15:22"}
{"level":"info","message":"db is connected successfully","service":"user-service","timestamp":"2023-07-03 13:15:22"}
{"0":"4","1":"0","2":"0","3":"0","level":"info","message":"App is successfully running on","service":"user-service","timestamp":"2023-07-03 13:15:27"}
{"level":"info","message":"db is connected successfully","service":"user-service","timestamp":"2023-07-03 13:15:27"}
{"0":"4","1":"0","2":"0","3":"0","level":"info","message":"App is successfully running on","service":"user-service","timestamp":"2023-07-03 13:15:33"}
{"level":"info","message":"db is connected successfully","service":"user-service","timestamp":"2023-07-03 13:15:33"}
{"0":"4","1":"0","2":"0","3":"0","level":"info","message":"App is successfully running on","service":"user-service","timestamp":"2023-07-03 13:15:39"}
{"level":"info","message":"db is connected successfully","service":"user-service","timestamp":"2023-07-03 13:15:39"}
{"0":"4","1":"0","2":"0","3":"0","level":"info","message":"App is successfully running on","service":"user-service","timestamp":"2023-07-03 13:16:18"}
{"level":"info","message":"db is connected successfully","service":"user-service","timestamp":"2023-07-03 13:16:18"}
{"0":"4","1":"0","2":"0","3":"0","level":"info","message":"App is successfully running on","service":"user-service","timestamp":"2023-07-03 13:16:20"}
{"level":"info","message":"db is connected successfully","service":"user-service","timestamp":"2023-07-03 13:16:20"}
{"0":"4","1":"0","2":"0","3":"0","level":"info","message":"App is successfully running on","service":"user-service","timestamp":"2023-07-03 13:16:22"}
{"level":"info","message":"db is connected successfully","service":"user-service","timestamp":"2023-07-03 13:16:23"}
{"0":"4","1":"0","2":"0","3":"0","level":"info","message":"App is successfully running on","service":"user-service","timestamp":"2023-07-03 13:16:24"}
{"level":"info","message":"db is connected successfully","service":"user-service","timestamp":"2023-07-03 13:16:24"}
{"0":"4","1":"0","2":"0","3":"0","level":"info","message":"App is successfully running on","service":"user-service","timestamp":"2023-07-03 13:16:29"}
{"level":"info","message":"db is connected successfully","service":"user-service","timestamp":"2023-07-03 13:16:29"}
{"0":"4","1":"0","2":"0","3":"0","level":"info","message":"App is successfully running on","service":"user-service","timestamp":"2023-07-03 13:16:30"}
{"level":"info","message":"db is connected successfully","service":"user-service","timestamp":"2023-07-03 13:16:30"}
{"0":"4","1":"0","2":"0","3":"0","level":"info","message":"App is successfully running on","service":"user-service","timestamp":"2023-07-03 13:16:31"}
{"level":"info","message":"db is connected successfully","service":"user-service","timestamp":"2023-07-03 13:16:31"}
{"0":"4","1":"0","2":"0","3":"0","level":"info","message":"App is successfully running on","service":"user-service","timestamp":"2023-07-03 13:16:34"}
{"level":"info","message":"db is connected successfully","service":"user-service","timestamp":"2023-07-03 13:16:34"}
{"0":"4","1":"0","2":"0","3":"0","level":"info","message":"App is successfully running on","service":"user-service","timestamp":"2023-07-03 13:16:35"}
{"level":"info","message":"db is connected successfully","service":"user-service","timestamp":"2023-07-03 13:16:35"}
{"0":"4","1":"0","2":"0","3":"0","level":"info","message":"App is successfully running on","service":"user-service","timestamp":"2023-07-03 13:16:46"}
{"level":"info","message":"db is connected successfully","service":"user-service","timestamp":"2023-07-03 13:16:46"}
{"0":"4","1":"0","2":"0","3":"0","level":"info","message":"App is successfully running on","service":"user-service","timestamp":"2023-07-03 13:17:27"}
{"level":"info","message":"db is connected successfully","service":"user-service","timestamp":"2023-07-03 13:17:27"}
{"0":"4","1":"0","2":"0","3":"0","level":"info","message":"App is successfully running on","service":"user-service","timestamp":"2023-07-03 13:17:31"}
{"level":"info","message":"db is connected successfully","service":"user-service","timestamp":"2023-07-03 13:17:31"}
{"0":"4","1":"0","2":"0","3":"0","level":"info","message":"App is successfully running on","service":"user-service","timestamp":"2023-07-03 13:17:37"}
{"level":"info","message":"db is connected successfully","service":"user-service","timestamp":"2023-07-03 13:17:37"}
{"0":"4","1":"0","2":"0","3":"0","level":"info","message":"App is successfully running on","service":"user-service","timestamp":"2023-07-03 13:17:44"}
{"level":"info","message":"db is connected successfully","service":"user-service","timestamp":"2023-07-03 13:17:44"}
{"0":"4","1":"0","2":"0","3":"0","level":"info","message":"App is successfully running on","service":"user-service","timestamp":"2023-07-03 13:17:48"}
{"level":"info","message":"db is connected successfully","service":"user-service","timestamp":"2023-07-03 13:17:48"}
{"0":"4","1":"0","2":"0","3":"0","level":"info","message":"App is successfully running on","service":"user-service","timestamp":"2023-07-03 13:17:49"}
{"level":"info","message":"db is connected successfully","service":"user-service","timestamp":"2023-07-03 13:17:49"}
{"0":"4","1":"0","2":"0","3":"0","level":"info","message":"App is successfully running on","service":"user-service","timestamp":"2023-07-03 13:17:52"}
{"level":"info","message":"db is connected successfully","service":"user-service","timestamp":"2023-07-03 13:17:52"}
{"0":"4","1":"0","2":"0","3":"0","level":"info","message":"App is successfully running on","service":"user-service","timestamp":"2023-07-03 13:17:59"}
{"level":"info","message":"db is connected successfully","service":"user-service","timestamp":"2023-07-03 13:17:59"}
{"0":"4","1":"0","2":"0","3":"0","level":"info","message":"App is successfully running on","service":"user-service","timestamp":"2023-07-03 13:18:00"}
{"level":"info","message":"db is connected successfully","service":"user-service","timestamp":"2023-07-03 13:18:00"}
{"0":"4","1":"0","2":"0","3":"0","level":"info","message":"App is successfully running on","service":"user-service","timestamp":"2023-07-03 13:18:09"}
{"level":"info","message":"db is connected successfully","service":"user-service","timestamp":"2023-07-03 13:18:09"}
{"0":"4","1":"0","2":"0","3":"0","level":"info","message":"App is successfully running on","service":"user-service","timestamp":"2023-07-03 13:18:12"}
{"level":"info","message":"db is connected successfully","service":"user-service","timestamp":"2023-07-03 13:18:12"}
{"0":"4","1":"0","2":"0","3":"0","level":"info","message":"App is successfully running on","service":"user-service","timestamp":"2023-07-03 13:18:16"}
{"level":"info","message":"db is connected successfully","service":"user-service","timestamp":"2023-07-03 13:18:16"}
{"0":"4","1":"0","2":"0","3":"0","level":"info","message":"App is successfully running on","service":"user-service","timestamp":"2023-07-03 13:18:21"}
{"level":"info","message":"db is connected successfully","service":"user-service","timestamp":"2023-07-03 13:18:21"}
{"0":"4","1":"0","2":"0","3":"0","level":"info","message":"App is successfully running on","service":"user-service","timestamp":"2023-07-03 13:18:28"}
{"level":"info","message":"db is connected successfully","service":"user-service","timestamp":"2023-07-03 13:18:28"}
{"0":"4","1":"0","2":"0","3":"0","level":"info","message":"App is successfully running on","service":"user-service","timestamp":"2023-07-03 13:18:54"}
{"level":"info","message":"db is connected successfully","service":"user-service","timestamp":"2023-07-03 13:18:54"}
{"0":"4","1":"0","2":"0","3":"0","level":"info","message":"App is successfully running on","service":"user-service","timestamp":"2023-07-03 13:19:00"}
{"level":"info","message":"db is connected successfully","service":"user-service","timestamp":"2023-07-03 13:19:00"}
{"0":"4","1":"0","2":"0","3":"0","level":"info","message":"App is successfully running on","service":"user-service","timestamp":"2023-07-03 13:19:09"}
{"level":"info","message":"db is connected successfully","service":"user-service","timestamp":"2023-07-03 13:19:09"}
{"0":"4","1":"0","2":"0","3":"0","level":"info","message":"App is successfully running on","service":"user-service","timestamp":"2023-07-03 13:19:12"}
{"level":"info","message":"db is connected successfully","service":"user-service","timestamp":"2023-07-03 13:19:12"}
{"0":"4","1":"0","2":"0","3":"0","level":"info","message":"App is successfully running on","service":"user-service","timestamp":"2023-07-03 13:19:24"}
{"level":"info","message":"db is connected successfully","service":"user-service","timestamp":"2023-07-03 13:19:24"}
{"0":"4","1":"0","2":"0","3":"0","level":"info","message":"App is successfully running on","service":"user-service","timestamp":"2023-07-03 13:19:25"}
{"level":"info","message":"db is connected successfully","service":"user-service","timestamp":"2023-07-03 13:19:25"}
{"0":"4","1":"0","2":"0","3":"0","level":"info","message":"App is successfully running on","service":"user-service","timestamp":"2023-07-03 13:19:36"}
{"level":"info","message":"db is connected successfully","service":"user-service","timestamp":"2023-07-03 13:19:36"}
{"0":"4","1":"0","2":"0","3":"0","level":"info","message":"App is successfully running on","service":"user-service","timestamp":"2023-07-03 13:19:38"}
{"level":"info","message":"db is connected successfully","service":"user-service","timestamp":"2023-07-03 13:19:38"}
{"0":"4","1":"0","2":"0","3":"0","level":"info","message":"App is successfully running on","service":"user-service","timestamp":"2023-07-03 13:19:40"}
{"level":"info","message":"db is connected successfully","service":"user-service","timestamp":"2023-07-03 13:19:40"}
{"0":"4","1":"0","2":"0","3":"0","level":"info","message":"App is successfully running on","service":"user-service","timestamp":"2023-07-03 13:19:48"}
{"level":"info","message":"db is connected successfully","service":"user-service","timestamp":"2023-07-03 13:19:48"}
{"0":"4","1":"0","2":"0","3":"0","level":"info","message":"App is successfully running on","service":"user-service","timestamp":"2023-07-03 13:19:56"}
{"level":"info","message":"db is connected successfully","service":"user-service","timestamp":"2023-07-03 13:19:56"}
{"0":"4","1":"0","2":"0","3":"0","level":"info","message":"App is successfully running on","service":"user-service","timestamp":"2023-07-03 13:20:11"}
{"level":"info","message":"db is connected successfully","service":"user-service","timestamp":"2023-07-03 13:20:11"}
{"0":"4","1":"0","2":"0","3":"0","level":"info","message":"App is successfully running on","service":"user-service","timestamp":"2023-07-03 13:20:12"}
{"level":"info","message":"db is connected successfully","service":"user-service","timestamp":"2023-07-03 13:20:12"}
{"0":"4","1":"0","2":"0","3":"0","level":"info","message":"App is successfully running on","service":"user-service","timestamp":"2023-07-03 13:20:22"}
{"level":"info","message":"db is connected successfully","service":"user-service","timestamp":"2023-07-03 13:20:22"}
{"0":"4","1":"0","2":"0","3":"0","level":"info","message":"App is successfully running on","service":"user-service","timestamp":"2023-07-03 14:06:32"}
{"level":"info","message":"db is connected successfully","service":"user-service","timestamp":"2023-07-03 14:06:32"}
{"0":"4","1":"0","2":"0","3":"0","level":"info","message":"App is successfully running on","service":"user-service","timestamp":"2023-07-03 14:06:35"}
{"level":"info","message":"db is connected successfully","service":"user-service","timestamp":"2023-07-03 14:06:35"}
{"0":"4","1":"0","2":"0","3":"0","level":"info","message":"App is successfully running on","service":"user-service","timestamp":"2023-07-03 14:07:02"}
{"level":"info","message":"db is connected successfully","service":"user-service","timestamp":"2023-07-03 14:07:02"}
{"0":"4","1":"0","2":"0","3":"0","level":"info","message":"App is successfully running on","service":"user-service","timestamp":"2023-07-03 14:07:03"}
{"level":"info","message":"db is connected successfully","service":"user-service","timestamp":"2023-07-03 14:07:03"}
{"0":"4","1":"0","2":"0","3":"0","level":"info","message":"App is successfully running on","service":"user-service","timestamp":"2023-07-03 14:07:31"}
{"level":"info","message":"db is connected successfully","service":"user-service","timestamp":"2023-07-03 14:07:31"}
{"0":"4","1":"0","2":"0","3":"0","level":"info","message":"App is successfully running on","service":"user-service","timestamp":"2023-07-03 14:07:33"}
{"level":"info","message":"db is connected successfully","service":"user-service","timestamp":"2023-07-03 14:07:33"}
{"0":"4","1":"0","2":"0","3":"0","level":"info","message":"App is successfully running on","service":"user-service","timestamp":"2023-07-03 14:07:39"}
{"level":"info","message":"db is connected successfully","service":"user-service","timestamp":"2023-07-03 14:07:39"}
{"0":"4","1":"0","2":"0","3":"0","level":"info","message":"App is successfully running on","service":"user-service","timestamp":"2023-07-03 14:07:46"}
{"level":"info","message":"db is connected successfully","service":"user-service","timestamp":"2023-07-03 14:07:46"}
{"0":"4","1":"0","2":"0","3":"0","level":"info","message":"App is successfully running on","service":"user-service","timestamp":"2023-07-03 14:08:14"}
{"level":"info","message":"db is connected successfully","service":"user-service","timestamp":"2023-07-03 14:08:14"}
{"0":"4","1":"0","2":"0","3":"0","level":"info","message":"App is successfully running on","service":"user-service","timestamp":"2023-07-03 14:08:17"}
{"level":"info","message":"db is connected successfully","service":"user-service","timestamp":"2023-07-03 14:08:17"}
{"0":"4","1":"0","2":"0","3":"0","level":"info","message":"App is successfully running on","service":"user-service","timestamp":"2023-07-03 14:08:31"}
{"level":"info","message":"db is connected successfully","service":"user-service","timestamp":"2023-07-03 14:08:31"}
{"0":"4","1":"0","2":"0","3":"0","level":"info","message":"App is successfully running on","service":"user-service","timestamp":"2023-07-03 14:08:34"}
{"level":"info","message":"db is connected successfully","service":"user-service","timestamp":"2023-07-03 14:08:34"}
{"0":"4","1":"0","2":"0","3":"0","level":"info","message":"App is successfully running on","service":"user-service","timestamp":"2023-07-03 14:08:48"}
{"level":"info","message":"db is connected successfully","service":"user-service","timestamp":"2023-07-03 14:08:48"}
{"0":"4","1":"0","2":"0","3":"0","level":"info","message":"App is successfully running on","service":"user-service","timestamp":"2023-07-03 14:08:53"}
{"level":"info","message":"db is connected successfully","service":"user-service","timestamp":"2023-07-03 14:08:53"}
{"0":"4","1":"0","2":"0","3":"0","level":"info","message":"App is successfully running on","service":"user-service","timestamp":"2023-07-03 14:08:54"}
{"level":"info","message":"db is connected successfully","service":"user-service","timestamp":"2023-07-03 14:08:54"}
{"0":"4","1":"0","2":"0","3":"0","level":"info","message":"App is successfully running on","service":"user-service","timestamp":"2023-07-03 14:09:25"}
{"level":"info","message":"db is connected successfully","service":"user-service","timestamp":"2023-07-03 14:09:25"}
{"0":"4","1":"0","2":"0","3":"0","level":"info","message":"App is successfully running on","service":"user-service","timestamp":"2023-07-03 14:09:26"}
{"level":"info","message":"db is connected successfully","service":"user-service","timestamp":"2023-07-03 14:09:26"}
{"0":"4","1":"0","2":"0","3":"0","level":"info","message":"App is successfully running on","service":"user-service","timestamp":"2023-07-03 14:09:33"}
{"level":"info","message":"db is connected successfully","service":"user-service","timestamp":"2023-07-03 14:09:34"}
{"0":"4","1":"0","2":"0","3":"0","level":"info","message":"App is successfully running on","service":"user-service","timestamp":"2023-07-03 14:09:36"}
{"level":"info","message":"db is connected successfully","service":"user-service","timestamp":"2023-07-03 14:09:36"}
{"0":"4","1":"0","2":"0","3":"0","level":"info","message":"App is successfully running on","service":"user-service","timestamp":"2023-07-03 14:09:36"}
{"level":"info","message":"db is connected successfully","service":"user-service","timestamp":"2023-07-03 14:09:37"}
{"0":"4","1":"0","2":"0","3":"0","level":"info","message":"App is successfully running on","service":"user-service","timestamp":"2023-07-03 14:09:46"}
{"level":"info","message":"db is connected successfully","service":"user-service","timestamp":"2023-07-03 14:09:46"}
{"0":"4","1":"0","2":"0","3":"0","level":"info","message":"App is successfully running on","service":"user-service","timestamp":"2023-07-03 14:09:50"}
{"level":"info","message":"db is connected successfully","service":"user-service","timestamp":"2023-07-03 14:09:50"}
{"0":"4","1":"0","2":"0","3":"0","level":"info","message":"App is successfully running on","service":"user-service","timestamp":"2023-07-03 14:09:52"}
{"level":"info","message":"db is connected successfully","service":"user-service","timestamp":"2023-07-03 14:09:52"}
{"0":"4","1":"0","2":"0","3":"0","level":"info","message":"App is successfully running on","service":"user-service","timestamp":"2023-07-03 14:10:03"}
{"level":"info","message":"db is connected successfully","service":"user-service","timestamp":"2023-07-03 14:10:03"}
{"0":"4","1":"0","2":"0","3":"0","level":"info","message":"App is successfully running on","service":"user-service","timestamp":"2023-07-03 14:10:04"}
{"level":"info","message":"db is connected successfully","service":"user-service","timestamp":"2023-07-03 14:10:04"}
{"0":"4","1":"0","2":"0","3":"0","level":"info","message":"App is successfully running on","service":"user-service","timestamp":"2023-07-03 14:10:05"}
{"level":"info","message":"db is connected successfully","service":"user-service","timestamp":"2023-07-03 14:10:05"}
{"0":"4","1":"0","2":"0","3":"0","level":"info","message":"App is successfully running on","service":"user-service","timestamp":"2023-07-03 14:10:11"}
{"level":"info","message":"db is connected successfully","service":"user-service","timestamp":"2023-07-03 14:10:11"}
{"0":"4","1":"0","2":"0","3":"0","level":"info","message":"App is successfully running on","service":"user-service","timestamp":"2023-07-03 14:10:12"}
{"level":"info","message":"db is connected successfully","service":"user-service","timestamp":"2023-07-03 14:10:12"}
{"0":"4","1":"0","2":"0","3":"0","level":"info","message":"App is successfully running on","service":"user-service","timestamp":"2023-07-03 14:10:19"}
{"level":"info","message":"db is connected successfully","service":"user-service","timestamp":"2023-07-03 14:10:19"}
{"0":"4","1":"0","2":"0","3":"0","level":"info","message":"App is successfully running on","service":"user-service","timestamp":"2023-07-03 14:10:26"}
{"level":"info","message":"db is connected successfully","service":"user-service","timestamp":"2023-07-03 14:10:26"}
{"0":"4","1":"0","2":"0","3":"0","level":"info","message":"App is successfully running on","service":"user-service","timestamp":"2023-07-03 14:10:38"}
{"level":"info","message":"db is connected successfully","service":"user-service","timestamp":"2023-07-03 14:10:38"}
{"0":"4","1":"0","2":"0","3":"0","level":"info","message":"App is successfully running on","service":"user-service","timestamp":"2023-07-03 14:10:47"}
{"level":"info","message":"db is connected successfully","service":"user-service","timestamp":"2023-07-03 14:10:47"}
{"0":"4","1":"0","2":"0","3":"0","level":"info","message":"App is successfully running on","service":"user-service","timestamp":"2023-07-03 14:10:48"}
{"level":"info","message":"db is connected successfully","service":"user-service","timestamp":"2023-07-03 14:10:48"}
{"0":"4","1":"0","2":"0","3":"0","level":"info","message":"App is successfully running on","service":"user-service","timestamp":"2023-07-03 14:10:59"}
{"level":"info","message":"db is connected successfully","service":"user-service","timestamp":"2023-07-03 14:10:59"}
{"0":"4","1":"0","2":"0","3":"0","level":"info","message":"App is successfully running on","service":"user-service","timestamp":"2023-07-03 14:11:22"}
{"level":"info","message":"db is connected successfully","service":"user-service","timestamp":"2023-07-03 14:11:22"}
{"0":"4","1":"0","2":"0","3":"0","level":"info","message":"App is successfully running on","service":"user-service","timestamp":"2023-07-03 14:11:27"}
{"level":"info","message":"db is connected successfully","service":"user-service","timestamp":"2023-07-03 14:11:27"}
{"0":"4","1":"0","2":"0","3":"0","level":"info","message":"App is successfully running on","service":"user-service","timestamp":"2023-07-03 14:11:29"}
{"level":"info","message":"db is connected successfully","service":"user-service","timestamp":"2023-07-03 14:11:29"}
{"0":"4","1":"0","2":"0","3":"0","level":"info","message":"App is successfully running on","service":"user-service","timestamp":"2023-07-03 14:11:31"}
{"level":"info","message":"db is connected successfully","service":"user-service","timestamp":"2023-07-03 14:11:31"}
{"0":"4","1":"0","2":"0","3":"0","level":"info","message":"App is successfully running on","service":"user-service","timestamp":"2023-07-03 14:12:08"}
{"level":"info","message":"db is connected successfully","service":"user-service","timestamp":"2023-07-03 14:12:08"}
{"0":"4","1":"0","2":"0","3":"0","level":"info","message":"App is successfully running on","service":"user-service","timestamp":"2023-07-03 14:12:10"}
{"level":"info","message":"db is connected successfully","service":"user-service","timestamp":"2023-07-03 14:12:10"}
